<?xml version="1.0" encoding="UTF-8"?>
<!-- Generated by org.testng.reporters.JUnitReportReporter -->
<testsuite hostname="DESKTOP-H0OKICK" failures="0" tests="1" name="testpackage.PIMtest" time="6.048" errors="0" timestamp="2024-10-24T18:29:13 IST" skipped="0">
  <testcase classname="testpackage.PIMtest" name="PIMtest" time="6.048"/>
</testsuite> <!-- testpackage.PIMtest -->
