<?xml version="1.0" encoding="UTF-8"?>
<!-- Generated by org.testng.reporters.JUnitReportReporter -->
<testsuite hostname="DESKTOP-H0OKICK" failures="0" tests="1" name="testpackage.Logintest" time="4.406" errors="0" timestamp="2024-10-24T18:45:08 IST" skipped="0">
  <testcase classname="testpackage.Logintest" name="Logintest" time="4.406"/>
</testsuite> <!-- testpackage.Logintest -->
