<?xml version="1.0" encoding="UTF-8"?>
<!-- Generated by org.testng.reporters.JUnitReportReporter -->
<testsuite hostname="DESKTOP-H0OKICK" failures="0" tests="1" name="testpackage.Leavetest" time="11.481" errors="0" timestamp="2024-10-24T18:29:13 IST" skipped="0">
  <testcase classname="testpackage.Leavetest" name="leavetest" time="11.481"/>
</testsuite> <!-- testpackage.Leavetest -->
